<?xml version="1.0" encoding="UTF-8"?>
<!-- Generated by org.testng.reporters.JUnitXMLReporter -->
<testsuite hostname="DESKTOP-5SL4C2D" ignored="0" name="Chrome Test" tests="12" failures="1" timestamp="04 Jan 2019 11:36:46 GMT" time="116.106" errors="0">
  <testcase name="adminLogin" time="11.187" classname="com.training.sanity.tests.AdminLogin"/>
  <testcase name="testCase_ID_CYTC_016" time="1.318" classname="com.training.sanity.tests.TestCaseID_CYTC_016">
    <failure type="java.lang.IllegalMonitorStateException">
      <![CDATA[java.lang.IllegalMonitorStateException
at java.lang.Object.wait(Native Method)
at java.lang.Object.wait(Unknown Source)
at com.training.sanity.tests.TestCaseID_CYTC_016.testCase_ID_CYTC_016(TestCaseID_CYTC_016.java:66)
... Removed 25 stack frames]]>
    </failure>
  </testcase> <!-- testCase_ID_CYTC_016 -->
  <testcase name="testCase_ID_CYTC_017" time="9.308" classname="com.training.sanity.tests.TestCaseID_CYTC_017"/>
  <testcase name="testCase_ID_CYTC_018" time="9.793" classname="com.training.sanity.tests.TestCaseID_CYTC_018"/>
  <testcase name="testCase_ID_CYTC_019" time="4.923" classname="com.training.sanity.tests.TestCaseID_CYTC_019"/>
  <testcase name="testCase_ID_CYTC_020" time="5.263" classname="com.training.sanity.tests.TestCaseID_CYTC_020"/>
  <testcase name="adminLogout" time="0.101" classname="com.training.sanity.tests.AdminLogout"/>
  <testcase name="testCase_ID_CYTC_046" time="15.681" classname="com.training.sanity.tests.TestCaseID_CYTC_046"/>
  <testcase name="testCase_ID_CYTC_047" time="10.174" classname="com.training.sanity.tests.TestCaseID_CYTC_047"/>
  <testcase name="testCase_ID_CYTC_048" time="12.038" classname="com.training.sanity.tests.TestCaseID_CYTC_048"/>
  <testcase name="testCase_ID_CYTC_049" time="20.136" classname="com.training.sanity.tests.TestCaseID_CYTC_049"/>
  <testcase name="testCase_ID_CYTC_050" time="8.246" classname="com.training.sanity.tests.TestCaseID_CYTC_050"/>
</testsuite> <!-- Chrome Test -->
