<?xml version="1.0" encoding="UTF-8"?>
<!-- Generated by org.testng.reporters.JUnitXMLReporter -->
<testsuite hostname="DESKTOP-5SL4C2D" ignored="0" name="Member Test" tests="5" failures="5" timestamp="04 Jan 2019 11:02:39 GMT" time="0.099" errors="0">
  <testcase name="testCase_ID_CYTC_046" time="0.016" classname="com.training.sanity.tests.TestCaseID_CYTC_046">
    <failure type="org.openqa.selenium.NoSuchSessionException" message="Tried to run command without establishing a connection
Build info: version: &amp;apos;3.6.0&amp;apos;, revision: &amp;apos;6fbf3ec767&amp;apos;, time: &amp;apos;2017-09-27T15:28:36.4Z&amp;apos;
System info: host: &amp;apos;DESKTOP-5SL4C2D&amp;apos;, ip: &amp;apos;192.168.0.122&amp;apos;, os.name: &amp;apos;Windows 10&amp;apos;, os.arch: &amp;apos;amd64&amp;apos;, os.version: &amp;apos;10.0&amp;apos;, java.version: &amp;apos;1.8.0_191&amp;apos;
Driver info: org.openqa.selenium.firefox.FirefoxDriver
Capabilities [{moz:profile=C:\Users\SATISHKALE\AppData\Local\Temp\rust_mozprofile.YmqkfVbS5krv, rotatable=false, moz:geckodriverVersion=0.23.0, timeouts={implicit=0, pageLoad=300000, script=30000}, pageLoadStrategy=normal, unhandledPromptBehavior=dismiss and notify, moz:headless=false, platform=WINDOWS, moz:accessibilityChecks=false, moz:useNonSpecCompliantPointerOrigin=false, acceptInsecureCerts=true, browserVersion=64.0, moz:shutdownTimeout=60000, platformVersion=10.0, moz:processID=15860, browserName=firefox, javascriptEnabled=true, platformName=WINDOWS, setWindowRect=true, moz:webdriverClick=true}]
Session ID: 51bc6a64-5101-4952-9482-bb5eb4911ed7
*** Element info: {Using=id, value=cyclosUsername}">
      <![CDATA[org.openqa.selenium.NoSuchSessionException: Tried to run command without establishing a connection
Build info: version: '3.6.0', revision: '6fbf3ec767', time: '2017-09-27T15:28:36.4Z'
System info: host: 'DESKTOP-5SL4C2D', ip: '192.168.0.122', os.name: 'Windows 10', os.arch: 'amd64', os.version: '10.0', java.version: '1.8.0_191'
Driver info: org.openqa.selenium.firefox.FirefoxDriver
Capabilities [{moz:profile=C:\Users\SATISHKALE\AppData\Local\Temp\rust_mozprofile.YmqkfVbS5krv, rotatable=false, moz:geckodriverVersion=0.23.0, timeouts={implicit=0, pageLoad=300000, script=30000}, pageLoadStrategy=normal, unhandledPromptBehavior=dismiss and notify, moz:headless=false, platform=WINDOWS, moz:accessibilityChecks=false, moz:useNonSpecCompliantPointerOrigin=false, acceptInsecureCerts=true, browserVersion=64.0, moz:shutdownTimeout=60000, platformVersion=10.0, moz:processID=15860, browserName=firefox, javascriptEnabled=true, platformName=WINDOWS, setWindowRect=true, moz:webdriverClick=true}]
Session ID: 51bc6a64-5101-4952-9482-bb5eb4911ed7
*** Element info: {Using=id, value=cyclosUsername}
at org.openqa.selenium.remote.http.W3CHttpResponseCodec.createException(W3CHttpResponseCodec.java:185)
at org.openqa.selenium.remote.http.W3CHttpResponseCodec.decode(W3CHttpResponseCodec.java:120)
at org.openqa.selenium.remote.http.W3CHttpResponseCodec.decode(W3CHttpResponseCodec.java:49)
at org.openqa.selenium.remote.HttpCommandExecutor.execute(HttpCommandExecutor.java:164)
at org.openqa.selenium.remote.service.DriverCommandExecutor.execute(DriverCommandExecutor.java:83)
at org.openqa.selenium.remote.RemoteWebDriver.execute(RemoteWebDriver.java:586)
at org.openqa.selenium.remote.RemoteWebDriver.findElement(RemoteWebDriver.java:356)
at org.openqa.selenium.remote.RemoteWebDriver.findElementById(RemoteWebDriver.java:402)
at org.openqa.selenium.By$ById.findElement(By.java:218)
at org.openqa.selenium.remote.RemoteWebDriver.findElement(RemoteWebDriver.java:348)
at org.openqa.selenium.support.pagefactory.DefaultElementLocator.findElement(DefaultElementLocator.java:69)
at org.openqa.selenium.support.pagefactory.internal.LocatingElementHandler.invoke(LocatingElementHandler.java:38)
at com.sun.proxy.$Proxy11.clear(Unknown Source)
at com.training.pom.LoginPOM.sendUserName(LoginPOM.java:33)
at com.training.pom.MemberHomePagePOM.memberLogin(MemberHomePagePOM.java:75)
at com.training.sanity.tests.TestCaseID_CYTC_046.testCase_ID_CYTC_046(TestCaseID_CYTC_046.java:59)
... Removed 29 stack frames]]>
    </failure>
  </testcase> <!-- testCase_ID_CYTC_046 -->
  <testcase name="testCase_ID_CYTC_047" time="0.019" classname="com.training.sanity.tests.TestCaseID_CYTC_047">
    <failure type="org.openqa.selenium.NoSuchSessionException" message="Tried to run command without establishing a connection
Build info: version: &amp;apos;3.6.0&amp;apos;, revision: &amp;apos;6fbf3ec767&amp;apos;, time: &amp;apos;2017-09-27T15:28:36.4Z&amp;apos;
System info: host: &amp;apos;DESKTOP-5SL4C2D&amp;apos;, ip: &amp;apos;192.168.0.122&amp;apos;, os.name: &amp;apos;Windows 10&amp;apos;, os.arch: &amp;apos;amd64&amp;apos;, os.version: &amp;apos;10.0&amp;apos;, java.version: &amp;apos;1.8.0_191&amp;apos;
Driver info: org.openqa.selenium.firefox.FirefoxDriver
Capabilities [{moz:profile=C:\Users\SATISHKALE\AppData\Local\Temp\rust_mozprofile.YmqkfVbS5krv, rotatable=false, moz:geckodriverVersion=0.23.0, timeouts={implicit=0, pageLoad=300000, script=30000}, pageLoadStrategy=normal, unhandledPromptBehavior=dismiss and notify, moz:headless=false, platform=WINDOWS, moz:accessibilityChecks=false, moz:useNonSpecCompliantPointerOrigin=false, acceptInsecureCerts=true, browserVersion=64.0, moz:shutdownTimeout=60000, platformVersion=10.0, moz:processID=15860, browserName=firefox, javascriptEnabled=true, platformName=WINDOWS, setWindowRect=true, moz:webdriverClick=true}]
Session ID: 51bc6a64-5101-4952-9482-bb5eb4911ed7
*** Element info: {Using=id, value=cyclosUsername}">
      <![CDATA[org.openqa.selenium.NoSuchSessionException: Tried to run command without establishing a connection
Build info: version: '3.6.0', revision: '6fbf3ec767', time: '2017-09-27T15:28:36.4Z'
System info: host: 'DESKTOP-5SL4C2D', ip: '192.168.0.122', os.name: 'Windows 10', os.arch: 'amd64', os.version: '10.0', java.version: '1.8.0_191'
Driver info: org.openqa.selenium.firefox.FirefoxDriver
Capabilities [{moz:profile=C:\Users\SATISHKALE\AppData\Local\Temp\rust_mozprofile.YmqkfVbS5krv, rotatable=false, moz:geckodriverVersion=0.23.0, timeouts={implicit=0, pageLoad=300000, script=30000}, pageLoadStrategy=normal, unhandledPromptBehavior=dismiss and notify, moz:headless=false, platform=WINDOWS, moz:accessibilityChecks=false, moz:useNonSpecCompliantPointerOrigin=false, acceptInsecureCerts=true, browserVersion=64.0, moz:shutdownTimeout=60000, platformVersion=10.0, moz:processID=15860, browserName=firefox, javascriptEnabled=true, platformName=WINDOWS, setWindowRect=true, moz:webdriverClick=true}]
Session ID: 51bc6a64-5101-4952-9482-bb5eb4911ed7
*** Element info: {Using=id, value=cyclosUsername}
at org.openqa.selenium.remote.http.W3CHttpResponseCodec.createException(W3CHttpResponseCodec.java:185)
at org.openqa.selenium.remote.http.W3CHttpResponseCodec.decode(W3CHttpResponseCodec.java:120)
at org.openqa.selenium.remote.http.W3CHttpResponseCodec.decode(W3CHttpResponseCodec.java:49)
at org.openqa.selenium.remote.HttpCommandExecutor.execute(HttpCommandExecutor.java:164)
at org.openqa.selenium.remote.service.DriverCommandExecutor.execute(DriverCommandExecutor.java:83)
at org.openqa.selenium.remote.RemoteWebDriver.execute(RemoteWebDriver.java:586)
at org.openqa.selenium.remote.RemoteWebDriver.findElement(RemoteWebDriver.java:356)
at org.openqa.selenium.remote.RemoteWebDriver.findElementById(RemoteWebDriver.java:402)
at org.openqa.selenium.By$ById.findElement(By.java:218)
at org.openqa.selenium.remote.RemoteWebDriver.findElement(RemoteWebDriver.java:348)
at org.openqa.selenium.support.pagefactory.DefaultElementLocator.findElement(DefaultElementLocator.java:69)
at org.openqa.selenium.support.pagefactory.internal.LocatingElementHandler.invoke(LocatingElementHandler.java:38)
at com.sun.proxy.$Proxy11.clear(Unknown Source)
at com.training.pom.LoginPOM.sendUserName(LoginPOM.java:33)
at com.training.pom.MemberHomePagePOM.memberLogin(MemberHomePagePOM.java:75)
at com.training.sanity.tests.TestCaseID_CYTC_047.testCase_ID_CYTC_047(TestCaseID_CYTC_047.java:62)
... Removed 29 stack frames]]>
    </failure>
  </testcase> <!-- testCase_ID_CYTC_047 -->
  <testcase name="testCase_ID_CYTC_048" time="0.008" classname="com.training.sanity.tests.TestCaseID_CYTC_048">
    <failure type="org.openqa.selenium.NoSuchSessionException" message="Tried to run command without establishing a connection
Build info: version: &amp;apos;3.6.0&amp;apos;, revision: &amp;apos;6fbf3ec767&amp;apos;, time: &amp;apos;2017-09-27T15:28:36.4Z&amp;apos;
System info: host: &amp;apos;DESKTOP-5SL4C2D&amp;apos;, ip: &amp;apos;192.168.0.122&amp;apos;, os.name: &amp;apos;Windows 10&amp;apos;, os.arch: &amp;apos;amd64&amp;apos;, os.version: &amp;apos;10.0&amp;apos;, java.version: &amp;apos;1.8.0_191&amp;apos;
Driver info: org.openqa.selenium.firefox.FirefoxDriver
Capabilities [{moz:profile=C:\Users\SATISHKALE\AppData\Local\Temp\rust_mozprofile.YmqkfVbS5krv, rotatable=false, moz:geckodriverVersion=0.23.0, timeouts={implicit=0, pageLoad=300000, script=30000}, pageLoadStrategy=normal, unhandledPromptBehavior=dismiss and notify, moz:headless=false, platform=WINDOWS, moz:accessibilityChecks=false, moz:useNonSpecCompliantPointerOrigin=false, acceptInsecureCerts=true, browserVersion=64.0, moz:shutdownTimeout=60000, platformVersion=10.0, moz:processID=15860, browserName=firefox, javascriptEnabled=true, platformName=WINDOWS, setWindowRect=true, moz:webdriverClick=true}]
Session ID: 51bc6a64-5101-4952-9482-bb5eb4911ed7
*** Element info: {Using=id, value=cyclosUsername}">
      <![CDATA[org.openqa.selenium.NoSuchSessionException: Tried to run command without establishing a connection
Build info: version: '3.6.0', revision: '6fbf3ec767', time: '2017-09-27T15:28:36.4Z'
System info: host: 'DESKTOP-5SL4C2D', ip: '192.168.0.122', os.name: 'Windows 10', os.arch: 'amd64', os.version: '10.0', java.version: '1.8.0_191'
Driver info: org.openqa.selenium.firefox.FirefoxDriver
Capabilities [{moz:profile=C:\Users\SATISHKALE\AppData\Local\Temp\rust_mozprofile.YmqkfVbS5krv, rotatable=false, moz:geckodriverVersion=0.23.0, timeouts={implicit=0, pageLoad=300000, script=30000}, pageLoadStrategy=normal, unhandledPromptBehavior=dismiss and notify, moz:headless=false, platform=WINDOWS, moz:accessibilityChecks=false, moz:useNonSpecCompliantPointerOrigin=false, acceptInsecureCerts=true, browserVersion=64.0, moz:shutdownTimeout=60000, platformVersion=10.0, moz:processID=15860, browserName=firefox, javascriptEnabled=true, platformName=WINDOWS, setWindowRect=true, moz:webdriverClick=true}]
Session ID: 51bc6a64-5101-4952-9482-bb5eb4911ed7
*** Element info: {Using=id, value=cyclosUsername}
at org.openqa.selenium.remote.http.W3CHttpResponseCodec.createException(W3CHttpResponseCodec.java:185)
at org.openqa.selenium.remote.http.W3CHttpResponseCodec.decode(W3CHttpResponseCodec.java:120)
at org.openqa.selenium.remote.http.W3CHttpResponseCodec.decode(W3CHttpResponseCodec.java:49)
at org.openqa.selenium.remote.HttpCommandExecutor.execute(HttpCommandExecutor.java:164)
at org.openqa.selenium.remote.service.DriverCommandExecutor.execute(DriverCommandExecutor.java:83)
at org.openqa.selenium.remote.RemoteWebDriver.execute(RemoteWebDriver.java:586)
at org.openqa.selenium.remote.RemoteWebDriver.findElement(RemoteWebDriver.java:356)
at org.openqa.selenium.remote.RemoteWebDriver.findElementById(RemoteWebDriver.java:402)
at org.openqa.selenium.By$ById.findElement(By.java:218)
at org.openqa.selenium.remote.RemoteWebDriver.findElement(RemoteWebDriver.java:348)
at org.openqa.selenium.support.pagefactory.DefaultElementLocator.findElement(DefaultElementLocator.java:69)
at org.openqa.selenium.support.pagefactory.internal.LocatingElementHandler.invoke(LocatingElementHandler.java:38)
at com.sun.proxy.$Proxy11.clear(Unknown Source)
at com.training.pom.LoginPOM.sendUserName(LoginPOM.java:33)
at com.training.pom.MemberHomePagePOM.memberLogin(MemberHomePagePOM.java:75)
at com.training.sanity.tests.TestCaseID_CYTC_048.testCase_ID_CYTC_048(TestCaseID_CYTC_048.java:61)
... Removed 29 stack frames]]>
    </failure>
  </testcase> <!-- testCase_ID_CYTC_048 -->
  <testcase name="testCase_ID_CYTC_049" time="0.012" classname="com.training.sanity.tests.TestCaseID_CYTC_049">
    <failure type="org.openqa.selenium.NoSuchSessionException" message="Tried to run command without establishing a connection
Build info: version: &amp;apos;3.6.0&amp;apos;, revision: &amp;apos;6fbf3ec767&amp;apos;, time: &amp;apos;2017-09-27T15:28:36.4Z&amp;apos;
System info: host: &amp;apos;DESKTOP-5SL4C2D&amp;apos;, ip: &amp;apos;192.168.0.122&amp;apos;, os.name: &amp;apos;Windows 10&amp;apos;, os.arch: &amp;apos;amd64&amp;apos;, os.version: &amp;apos;10.0&amp;apos;, java.version: &amp;apos;1.8.0_191&amp;apos;
Driver info: org.openqa.selenium.firefox.FirefoxDriver
Capabilities [{moz:profile=C:\Users\SATISHKALE\AppData\Local\Temp\rust_mozprofile.YmqkfVbS5krv, rotatable=false, moz:geckodriverVersion=0.23.0, timeouts={implicit=0, pageLoad=300000, script=30000}, pageLoadStrategy=normal, unhandledPromptBehavior=dismiss and notify, moz:headless=false, platform=WINDOWS, moz:accessibilityChecks=false, moz:useNonSpecCompliantPointerOrigin=false, acceptInsecureCerts=true, browserVersion=64.0, moz:shutdownTimeout=60000, platformVersion=10.0, moz:processID=15860, browserName=firefox, javascriptEnabled=true, platformName=WINDOWS, setWindowRect=true, moz:webdriverClick=true}]
Session ID: 51bc6a64-5101-4952-9482-bb5eb4911ed7
*** Element info: {Using=id, value=cyclosUsername}">
      <![CDATA[org.openqa.selenium.NoSuchSessionException: Tried to run command without establishing a connection
Build info: version: '3.6.0', revision: '6fbf3ec767', time: '2017-09-27T15:28:36.4Z'
System info: host: 'DESKTOP-5SL4C2D', ip: '192.168.0.122', os.name: 'Windows 10', os.arch: 'amd64', os.version: '10.0', java.version: '1.8.0_191'
Driver info: org.openqa.selenium.firefox.FirefoxDriver
Capabilities [{moz:profile=C:\Users\SATISHKALE\AppData\Local\Temp\rust_mozprofile.YmqkfVbS5krv, rotatable=false, moz:geckodriverVersion=0.23.0, timeouts={implicit=0, pageLoad=300000, script=30000}, pageLoadStrategy=normal, unhandledPromptBehavior=dismiss and notify, moz:headless=false, platform=WINDOWS, moz:accessibilityChecks=false, moz:useNonSpecCompliantPointerOrigin=false, acceptInsecureCerts=true, browserVersion=64.0, moz:shutdownTimeout=60000, platformVersion=10.0, moz:processID=15860, browserName=firefox, javascriptEnabled=true, platformName=WINDOWS, setWindowRect=true, moz:webdriverClick=true}]
Session ID: 51bc6a64-5101-4952-9482-bb5eb4911ed7
*** Element info: {Using=id, value=cyclosUsername}
at org.openqa.selenium.remote.http.W3CHttpResponseCodec.createException(W3CHttpResponseCodec.java:185)
at org.openqa.selenium.remote.http.W3CHttpResponseCodec.decode(W3CHttpResponseCodec.java:120)
at org.openqa.selenium.remote.http.W3CHttpResponseCodec.decode(W3CHttpResponseCodec.java:49)
at org.openqa.selenium.remote.HttpCommandExecutor.execute(HttpCommandExecutor.java:164)
at org.openqa.selenium.remote.service.DriverCommandExecutor.execute(DriverCommandExecutor.java:83)
at org.openqa.selenium.remote.RemoteWebDriver.execute(RemoteWebDriver.java:586)
at org.openqa.selenium.remote.RemoteWebDriver.findElement(RemoteWebDriver.java:356)
at org.openqa.selenium.remote.RemoteWebDriver.findElementById(RemoteWebDriver.java:402)
at org.openqa.selenium.By$ById.findElement(By.java:218)
at org.openqa.selenium.remote.RemoteWebDriver.findElement(RemoteWebDriver.java:348)
at org.openqa.selenium.support.pagefactory.DefaultElementLocator.findElement(DefaultElementLocator.java:69)
at org.openqa.selenium.support.pagefactory.internal.LocatingElementHandler.invoke(LocatingElementHandler.java:38)
at com.sun.proxy.$Proxy11.clear(Unknown Source)
at com.training.pom.LoginPOM.sendUserName(LoginPOM.java:33)
at com.training.pom.MemberHomePagePOM.memberLogin(MemberHomePagePOM.java:75)
at com.training.sanity.tests.TestCaseID_CYTC_049.testCase_ID_CYTC_049(TestCaseID_CYTC_049.java:73)
... Removed 29 stack frames]]>
    </failure>
  </testcase> <!-- testCase_ID_CYTC_049 -->
  <testcase name="testCase_ID_CYTC_050" time="0.008" classname="com.training.sanity.tests.TestCaseID_CYTC_050">
    <failure type="org.openqa.selenium.NoSuchSessionException" message="Tried to run command without establishing a connection
Build info: version: &amp;apos;3.6.0&amp;apos;, revision: &amp;apos;6fbf3ec767&amp;apos;, time: &amp;apos;2017-09-27T15:28:36.4Z&amp;apos;
System info: host: &amp;apos;DESKTOP-5SL4C2D&amp;apos;, ip: &amp;apos;192.168.0.122&amp;apos;, os.name: &amp;apos;Windows 10&amp;apos;, os.arch: &amp;apos;amd64&amp;apos;, os.version: &amp;apos;10.0&amp;apos;, java.version: &amp;apos;1.8.0_191&amp;apos;
Driver info: org.openqa.selenium.firefox.FirefoxDriver
Capabilities [{moz:profile=C:\Users\SATISHKALE\AppData\Local\Temp\rust_mozprofile.YmqkfVbS5krv, rotatable=false, moz:geckodriverVersion=0.23.0, timeouts={implicit=0, pageLoad=300000, script=30000}, pageLoadStrategy=normal, unhandledPromptBehavior=dismiss and notify, moz:headless=false, platform=WINDOWS, moz:accessibilityChecks=false, moz:useNonSpecCompliantPointerOrigin=false, acceptInsecureCerts=true, browserVersion=64.0, moz:shutdownTimeout=60000, platformVersion=10.0, moz:processID=15860, browserName=firefox, javascriptEnabled=true, platformName=WINDOWS, setWindowRect=true, moz:webdriverClick=true}]
Session ID: 51bc6a64-5101-4952-9482-bb5eb4911ed7
*** Element info: {Using=id, value=cyclosUsername}">
      <![CDATA[org.openqa.selenium.NoSuchSessionException: Tried to run command without establishing a connection
Build info: version: '3.6.0', revision: '6fbf3ec767', time: '2017-09-27T15:28:36.4Z'
System info: host: 'DESKTOP-5SL4C2D', ip: '192.168.0.122', os.name: 'Windows 10', os.arch: 'amd64', os.version: '10.0', java.version: '1.8.0_191'
Driver info: org.openqa.selenium.firefox.FirefoxDriver
Capabilities [{moz:profile=C:\Users\SATISHKALE\AppData\Local\Temp\rust_mozprofile.YmqkfVbS5krv, rotatable=false, moz:geckodriverVersion=0.23.0, timeouts={implicit=0, pageLoad=300000, script=30000}, pageLoadStrategy=normal, unhandledPromptBehavior=dismiss and notify, moz:headless=false, platform=WINDOWS, moz:accessibilityChecks=false, moz:useNonSpecCompliantPointerOrigin=false, acceptInsecureCerts=true, browserVersion=64.0, moz:shutdownTimeout=60000, platformVersion=10.0, moz:processID=15860, browserName=firefox, javascriptEnabled=true, platformName=WINDOWS, setWindowRect=true, moz:webdriverClick=true}]
Session ID: 51bc6a64-5101-4952-9482-bb5eb4911ed7
*** Element info: {Using=id, value=cyclosUsername}
at org.openqa.selenium.remote.http.W3CHttpResponseCodec.createException(W3CHttpResponseCodec.java:185)
at org.openqa.selenium.remote.http.W3CHttpResponseCodec.decode(W3CHttpResponseCodec.java:120)
at org.openqa.selenium.remote.http.W3CHttpResponseCodec.decode(W3CHttpResponseCodec.java:49)
at org.openqa.selenium.remote.HttpCommandExecutor.execute(HttpCommandExecutor.java:164)
at org.openqa.selenium.remote.service.DriverCommandExecutor.execute(DriverCommandExecutor.java:83)
at org.openqa.selenium.remote.RemoteWebDriver.execute(RemoteWebDriver.java:586)
at org.openqa.selenium.remote.RemoteWebDriver.findElement(RemoteWebDriver.java:356)
at org.openqa.selenium.remote.RemoteWebDriver.findElementById(RemoteWebDriver.java:402)
at org.openqa.selenium.By$ById.findElement(By.java:218)
at org.openqa.selenium.remote.RemoteWebDriver.findElement(RemoteWebDriver.java:348)
at org.openqa.selenium.support.pagefactory.DefaultElementLocator.findElement(DefaultElementLocator.java:69)
at org.openqa.selenium.support.pagefactory.internal.LocatingElementHandler.invoke(LocatingElementHandler.java:38)
at com.sun.proxy.$Proxy11.clear(Unknown Source)
at com.training.pom.LoginPOM.sendUserName(LoginPOM.java:33)
at com.training.pom.MemberHomePagePOM.memberLogin(MemberHomePagePOM.java:75)
at com.training.sanity.tests.TestCaseID_CYTC_050.testCase_ID_CYTC_050(TestCaseID_CYTC_050.java:66)
... Removed 29 stack frames]]>
    </failure>
  </testcase> <!-- testCase_ID_CYTC_050 -->
</testsuite> <!-- Member Test -->
