<?xml version="1.0" encoding="UTF-8"?>
<!-- Generated by org.testng.reporters.JUnitXMLReporter -->
<testsuite hostname="DESKTOP-5SL4C2D" ignored="0" name="Sanity Test" tests="4" failures="0" timestamp="01 Jan 2019 06:28:07 GMT" time="22.943" errors="0">
  <testcase name="adminLogin" time="1.309" classname="com.training.sanity.tests.AdminLogin"/>
  <testcase name="testCase_ID_CYTC_016" time="4.727" classname="com.training.sanity.tests.TestCaseID_CYTC_016"/>
  <testcase name="testCase_ID_CYTC_017" time="11.415" classname="com.training.sanity.tests.TestCaseID_CYTC_017"/>
  <testcase name="adminLogout" time="0.09" classname="com.training.sanity.tests.AdminLogout"/>
</testsuite> <!-- Sanity Test -->
