<?xml version="1.0" encoding="UTF-8"?>
<!-- Generated by org.testng.reporters.JUnitXMLReporter -->
<testsuite hostname="DESKTOP-5SL4C2D" ignored="0" name="Sanity Test" tests="5" failures="0" timestamp="30 Dec 2018 16:23:48 GMT" time="145.673" errors="0">
  <testcase name="testCase_ID_CYTC_046" time="21.764" classname="com.training.sanity.tests.TestCaseID_CYTC_046"/>
  <testcase name="testCase_ID_CYTC_047" time="18.23" classname="com.training.sanity.tests.TestCaseID_CYTC_047"/>
  <testcase name="testCase_ID_CYTC_048" time="16.342" classname="com.training.sanity.tests.TestCaseID_CYTC_048"/>
  <testcase name="testCase_ID_CYTC_049" time="22.534" classname="com.training.sanity.tests.TestCaseID_CYTC_049"/>
  <testcase name="testCase_ID_CYTC_050" time="17.543" classname="com.training.sanity.tests.TestCaseID_CYTC_050"/>
</testsuite> <!-- Sanity Test -->
