<?xml version="1.0" encoding="UTF-8"?>
<!-- Generated by org.testng.reporters.JUnitXMLReporter -->
<testsuite hostname="DESKTOP-5SL4C2D" ignored="0" name="Regression Test" tests="2" failures="0" timestamp="11 Jan 2019 06:40:54 GMT" time="20.361" errors="0">
  <testcase name="adminLogin" time="6.102" classname="com.training.sanity.tests.LoginToApplication"/>
  <testcase name="testCaseID_CYTC_077" time="7.037" classname="com.training.regression.tests.TestCaseID_CYTC_077"/>
</testsuite> <!-- Regression Test -->
