<?xml version="1.0" encoding="UTF-8"?>
<!-- Generated by org.testng.reporters.JUnitXMLReporter -->
<testsuite hostname="DESKTOP-5SL4C2D" ignored="0" name="To Verify whether application allows admin to display Accounts details of a particular member based on the search criteria" tests="1" failures="0" timestamp="20 Dec 2018 06:48:31 GMT" time="23.085" errors="0">
  <testcase name="testCase_ID_CYTC_016" time="7.837" classname="com.training.sanity.tests.TestCaseID_CYTC_016"/>
</testsuite> <!-- To Verify whether application allows admin to display Accounts details of a particular member based on the search criteria -->
